<?xml version="1.0" encoding="UTF-8"?>
<testng-results ignored="0" total="1" passed="1" failed="0" skipped="0">
  <reporter-output>
  </reporter-output>
  <suite started-at="2024-08-04T23:17:42 IST" name="Suite" finished-at="2024-08-04T23:17:56 IST" duration-ms="13974">
    <groups>
    </groups>
    <test started-at="2024-08-04T23:17:42 IST" name="ChromeTest" finished-at="2024-08-04T23:17:56 IST" duration-ms="13974">
      <class name="qa.test.Testcase1">
        <test-method is-config="true" signature="beforeTestMethod()[pri:0, instance:qa.test.Testcase1@771a660]" started-at="2024-08-04T23:17:42 IST" name="beforeTestMethod" finished-at="2024-08-04T23:17:42 IST" duration-ms="246" status="PASS">
          <reporter-output>
          </reporter-output>
        </test-method> <!-- beforeTestMethod -->
        <test-method is-config="true" signature="beforemethod(java.lang.String,java.lang.reflect.Method)[pri:0, instance:qa.test.Testcase1@771a660]" started-at="2024-08-04T23:17:42 IST" name="beforemethod" finished-at="2024-08-04T23:17:50 IST" duration-ms="8584" status="PASS">
          <params>
            <param index="0">
              <value>
                <![CDATA[chrome]]>
              </value>
            </param>
            <param index="1">
              <value>
                <![CDATA[public void qa.test.Testcase1.samplemethodforEnteringCredentials()]]>
              </value>
            </param>
          </params>
          <reporter-output>
          </reporter-output>
        </test-method> <!-- beforemethod -->
        <test-method signature="samplemethodforEnteringCredentials()[pri:0, instance:qa.test.Testcase1@771a660]" started-at="2024-08-04T23:17:50 IST" name="samplemethodforEnteringCredentials" finished-at="2024-08-04T23:17:55 IST" duration-ms="4070" status="PASS">
          <reporter-output>
          </reporter-output>
        </test-method> <!-- samplemethodforEnteringCredentials -->
        <test-method is-config="true" signature="afterMethod(org.testng.ITestResult)[pri:0, instance:qa.test.Testcase1@771a660]" started-at="2024-08-04T23:17:55 IST" name="afterMethod" finished-at="2024-08-04T23:17:55 IST" duration-ms="3" status="PASS">
          <params>
            <param index="0">
              <value>
                <![CDATA[[TestResult name=samplemethodforEnteringCredentials status=SUCCESS method=Testcase1.samplemethodforEnteringCredentials()[pri:0, instance:qa.test.Testcase1@771a660] output={null}]]]>
              </value>
            </param>
          </params>
          <reporter-output>
          </reporter-output>
        </test-method> <!-- afterMethod -->
        <test-method is-config="true" signature="aftertest()[pri:0, instance:qa.test.Testcase1@771a660]" started-at="2024-08-04T23:17:55 IST" name="aftertest" finished-at="2024-08-04T23:17:56 IST" duration-ms="1026" status="PASS">
          <reporter-output>
          </reporter-output>
        </test-method> <!-- aftertest -->
      </class> <!-- qa.test.Testcase1 -->
    </test> <!-- ChromeTest -->
  </suite> <!-- Suite -->
</testng-results>
