<?xml version="1.0" encoding="UTF-8"?>
<testng-results ignored="0" total="1" passed="1" failed="0" skipped="0">
  <reporter-output>
  </reporter-output>
  <suite started-at="2024-08-05T14:22:25 IST" name="Suite" finished-at="2024-08-05T14:22:38 IST" duration-ms="13110">
    <groups>
    </groups>
    <test started-at="2024-08-05T14:22:25 IST" name="ChromeTest" finished-at="2024-08-05T14:22:38 IST" duration-ms="13110">
      <class name="qa.test.Testcase1">
        <test-method is-config="true" signature="beforeTestMethod()[pri:0, instance:qa.test.Testcase1@63376bed]" started-at="2024-08-05T14:22:25 IST" name="beforeTestMethod" finished-at="2024-08-05T14:22:25 IST" duration-ms="393" status="PASS">
          <reporter-output>
          </reporter-output>
        </test-method> <!-- beforeTestMethod -->
        <test-method is-config="true" signature="beforemethod(java.lang.String,java.lang.reflect.Method)[pri:0, instance:qa.test.Testcase1@63376bed]" started-at="2024-08-05T14:22:25 IST" name="beforemethod" finished-at="2024-08-05T14:22:30 IST" duration-ms="4433" status="PASS">
          <params>
            <param index="0">
              <value>
                <![CDATA[chrome]]>
              </value>
            </param>
            <param index="1">
              <value>
                <![CDATA[public void qa.test.Testcase1.samplemethodforEnteringCredentials()]]>
              </value>
            </param>
          </params>
          <reporter-output>
          </reporter-output>
        </test-method> <!-- beforemethod -->
        <test-method signature="samplemethodforEnteringCredentials()[pri:0, instance:qa.test.Testcase1@63376bed]" started-at="2024-08-05T14:22:30 IST" name="samplemethodforEnteringCredentials" finished-at="2024-08-05T14:22:37 IST" duration-ms="7693" status="PASS">
          <reporter-output>
          </reporter-output>
        </test-method> <!-- samplemethodforEnteringCredentials -->
        <test-method is-config="true" signature="aftertest()[pri:0, instance:qa.test.Testcase1@63376bed]" started-at="2024-08-05T14:22:37 IST" name="aftertest" finished-at="2024-08-05T14:22:38 IST" duration-ms="526" status="PASS">
          <reporter-output>
          </reporter-output>
        </test-method> <!-- aftertest -->
        <test-method is-config="true" signature="afterMethod(org.testng.ITestResult)[pri:0, instance:qa.test.Testcase1@63376bed]" started-at="2024-08-05T14:22:37 IST" name="afterMethod" finished-at="2024-08-05T14:22:37 IST" duration-ms="0" status="PASS">
          <params>
            <param index="0">
              <value>
                <![CDATA[[TestResult name=samplemethodforEnteringCredentials status=SUCCESS method=Testcase1.samplemethodforEnteringCredentials()[pri:0, instance:qa.test.Testcase1@63376bed] output={null}]]]>
              </value>
            </param>
          </params>
          <reporter-output>
          </reporter-output>
        </test-method> <!-- afterMethod -->
      </class> <!-- qa.test.Testcase1 -->
    </test> <!-- ChromeTest -->
  </suite> <!-- Suite -->
</testng-results>
